# JRE version: OpenJDK Runtime Environment (8.0_152) (build 1.8.0_152-release-1343-b16-5323222)
# Java VM: OpenJDK 64-Bit Server VM (25.152-b16-5323222 mixed mode linux-amd64 compressed oops)
Heap:
 PSYoungGen      total 214016K, used 30693K [0x00000000e0000000, 0x00000000f0c00000, 0x0000000100000000)
  eden space 183296K, 0% used [0x00000000e0000000,0x00000000e0000000,0x00000000eb300000)
  from space 30720K, 99% used [0x00000000eee00000,0x00000000f0bf9540,0x00000000f0c00000)
  to   space 21504K, 0% used [0x00000000eb300000,0x00000000eb300000,0x00000000ec800000)
 ParOldGen       total 113152K, used 112659K [0x00000000a0000000, 0x00000000a6e80000, 0x00000000e0000000)
  object space 113152K, 99% used [0x00000000a0000000,0x00000000a6e04df0,0x00000000a6e80000)
 Metaspace       used 62406K, capacity 64322K, committed 64560K, reserved 1105920K
  class space    used 8396K, capacity 8940K, committed 9008K, reserved 1048576K
GC Heap History (10 events):
Event: 108.618 GC heap after
Heap after GC invocations=12 (full 2):
 PSYoungGen      total 112128K, used 3568K [0x00000000e0000000, 0x00000000ee480000, 0x0000000100000000)
  eden space 108544K, 0% used [0x00000000e0000000,0x00000000e0000000,0x00000000e6a00000)
  from space 3584K, 99% used [0x00000000ee100000,0x00000000ee47c048,0x00000000ee480000)
  to   space 20480K, 0% used [0x00000000ebc80000,0x00000000ebc80000,0x00000000ed080000)
 ParOldGen       total 43008K, used 34755K [0x00000000a0000000, 0x00000000a2a00000, 0x00000000e0000000)
  object space 43008K, 80% used [0x00000000a0000000,0x00000000a21f0c20,0x00000000a2a00000)
 Metaspace       used 53637K, capacity 55026K, committed 55088K, reserved 1097728K
  class space    used 7265K, capacity 7706K, committed 7728K, reserved 1048576K
}
Event: 108.618 GC heap before
{Heap before GC invocations=13 (full 3):
 PSYoungGen      total 112128K, used 3568K [0x00000000e0000000, 0x00000000ee480000, 0x0000000100000000)
  eden space 108544K, 0% used [0x00000000e0000000,0x00000000e0000000,0x00000000e6a00000)
  from space 3584K, 99% used [0x00000000ee100000,0x00000000ee47c048,0x00000000ee480000)
  to   space 20480K, 0% used [0x00000000ebc80000,0x00000000ebc80000,0x00000000ed080000)
 ParOldGen       total 43008K, used 34755K [0x00000000a0000000, 0x00000000a2a00000, 0x00000000e0000000)
  object space 43008K, 80% used [0x00000000a0000000,0x00000000a21f0c20,0x00000000a2a00000)
 Metaspace       used 53637K, capacity 55026K, committed 55088K, reserved 1097728K
  class space    used 7265K, capacity 7706K, committed 7728K, reserved 1048576K
Event: 108.907 GC heap after
Heap after GC invocations=13 (full 3):
 PSYoungGen      total 112128K, used 0K [0x00000000e0000000, 0x00000000ee480000, 0x0000000100000000)
  eden space 108544K, 0% used [0x00000000e0000000,0x00000000e0000000,0x00000000e6a00000)
  from space 3584K, 0% used [0x00000000ee100000,0x00000000ee100000,0x00000000ee480000)
  to   space 20480K, 0% used [0x00000000ebc80000,0x00000000ebc80000,0x00000000ed080000)
 ParOldGen       total 69120K, used 32839K [0x00000000a0000000, 0x00000000a4380000, 0x00000000e0000000)
  object space 69120K, 47% used [0x00000000a0000000,0x00000000a2011f90,0x00000000a4380000)
 Metaspace       used 53637K, capacity 55026K, committed 55088K, reserved 1097728K
  class space    used 7265K, capacity 7706K, committed 7728K, reserved 1048576K
}
Event: 122.898 GC heap before
{Heap before GC invocations=14 (full 3):
 PSYoungGen      total 112128K, used 108544K [0x00000000e0000000, 0x00000000ee480000, 0x0000000100000000)
  eden space 108544K, 100% used [0x00000000e0000000,0x00000000e6a00000,0x00000000e6a00000)
  from space 3584K, 0% used [0x00000000ee100000,0x00000000ee100000,0x00000000ee480000)
  to   space 20480K, 0% used [0x00000000ebc80000,0x00000000ebc80000,0x00000000ed080000)
 ParOldGen       total 69120K, used 32839K [0x00000000a0000000, 0x00000000a4380000, 0x00000000e0000000)
  object space 69120K, 47% used [0x00000000a0000000,0x00000000a2011f90,0x00000000a4380000)
 Metaspace       used 58671K, capacity 60336K, committed 60464K, reserved 1101824K
  class space    used 7948K, capacity 8429K, committed 8496K, reserved 1048576K
Event: 122.921 GC heap after
Heap after GC invocations=14 (full 3):
 PSYoungGen      total 144384K, used 10402K [0x00000000e0000000, 0x00000000ee180000, 0x0000000100000000)
  eden space 133632K, 0% used [0x00000000e0000000,0x00000000e0000000,0x00000000e8280000)
  from space 10752K, 96% used [0x00000000ebc80000,0x00000000ec6a8b48,0x00000000ec700000)
  to   space 19968K, 0% used [0x00000000ece00000,0x00000000ece00000,0x00000000ee180000)
 ParOldGen       total 69120K, used 32847K [0x00000000a0000000, 0x00000000a4380000, 0x00000000e0000000)
  object space 69120K, 47% used [0x00000000a0000000,0x00000000a2013f90,0x00000000a4380000)
 Metaspace       used 58671K, capacity 60336K, committed 60464K, reserved 1101824K
  class space    used 7948K, capacity 8429K, committed 8496K, reserved 1048576K
}
Event: 129.917 GC heap before
{Heap before GC invocations=15 (full 3):
 PSYoungGen      total 144384K, used 144034K [0x00000000e0000000, 0x00000000ee180000, 0x0000000100000000)
  eden space 133632K, 100% used [0x00000000e0000000,0x00000000e8280000,0x00000000e8280000)
  from space 10752K, 96% used [0x00000000ebc80000,0x00000000ec6a8b48,0x00000000ec700000)
  to   space 19968K, 0% used [0x00000000ece00000,0x00000000ece00000,0x00000000ee180000)
 ParOldGen       total 69120K, used 32847K [0x00000000a0000000, 0x00000000a4380000, 0x00000000e0000000)
  object space 69120K, 47% used [0x00000000a0000000,0x00000000a2013f90,0x00000000a4380000)
 Metaspace       used 61093K, capacity 62886K, committed 63024K, reserved 1103872K
  class space    used 8216K, capacity 8712K, committed 8752K, reserved 1048576K
Event: 129.935 GC heap after
Heap after GC invocations=15 (full 3):
 PSYoungGen      total 177152K, used 15234K [0x00000000e0000000, 0x00000000edd00000, 0x0000000100000000)
  eden space 161792K, 0% used [0x00000000e0000000,0x00000000e0000000,0x00000000e9e00000)
  from space 15360K, 99% used [0x00000000ece00000,0x00000000edce0978,0x00000000edd00000)
  to   space 21504K, 0% used [0x00000000eb300000,0x00000000eb300000,0x00000000ec800000)
 ParOldGen       total 69120K, used 32855K [0x00000000a0000000, 0x00000000a4380000, 0x00000000e0000000)
  object space 69120K, 47% used [0x00000000a0000000,0x00000000a2015f90,0x00000000a4380000)
 Metaspace       used 61093K, capacity 62886K, committed 63024K, reserved 1103872K
  class space    used 8216K, capacity 8712K, committed 8752K, reserved 1048576K
}
Event: 132.256 GC heap before
{Heap before GC invocations=16 (full 3):
 PSYoungGen      total 177152K, used 177026K [0x00000000e0000000, 0x00000000edd00000, 0x0000000100000000)
  eden space 161792K, 100% used [0x00000000e0000000,0x00000000e9e00000,0x00000000e9e00000)
  from space 15360K, 99% used [0x00000000ece00000,0x00000000edce0978,0x00000000edd00000)
  to   space 21504K, 0% used [0x00000000eb300000,0x00000000eb300000,0x00000000ec800000)
 ParOldGen       total 69120K, used 32855K [0x00000000a0000000, 0x00000000a4380000, 0x00000000e0000000)
  object space 69120K, 47% used [0x00000000a0000000,0x00000000a2015f90,0x00000000a4380000)
 Metaspace       used 62351K, capacity 64258K, committed 64560K, reserved 1105920K
  class space    used 8391K, capacity 8940K, committed 9008K, reserved 1048576K
Event: 132.310 GC heap after
Heap after GC invocations=16 (full 3):
 PSYoungGen      total 204800K, used 21485K [0x00000000e0000000, 0x00000000f0c00000, 0x0000000100000000)
  eden space 183296K, 0% used [0x00000000e0000000,0x00000000e0000000,0x00000000eb300000)
  from space 21504K, 99% used [0x00000000eb300000,0x00000000ec7fb5b0,0x00000000ec800000)
  to   space 30720K, 0% used [0x00000000eee00000,0x00000000eee00000,0x00000000f0c00000)
 ParOldGen       total 69120K, used 49640K [0x00000000a0000000, 0x00000000a4380000, 0x00000000e0000000)
  object space 69120K, 71% used [0x00000000a0000000,0x00000000a307a3e0,0x00000000a4380000)
 Metaspace       used 62351K, capacity 64258K, committed 64560K, reserved 1105920K
  class space    used 8391K, capacity 8940K, committed 9008K, reserved 1048576K
}
Event: 134.801 GC heap before
{Heap before GC invocations=17 (full 3):
 PSYoungGen      total 204800K, used 204781K [0x00000000e0000000, 0x00000000f0c00000, 0x0000000100000000)
  eden space 183296K, 100% used [0x00000000e0000000,0x00000000eb300000,0x00000000eb300000)
  from space 21504K, 99% used [0x00000000eb300000,0x00000000ec7fb5b0,0x00000000ec800000)
  to   space 30720K, 0% used [0x00000000eee00000,0x00000000eee00000,0x00000000f0c00000)
 ParOldGen       total 69120K, used 49640K [0x00000000a0000000, 0x00000000a4380000, 0x00000000e0000000)
  object space 69120K, 71% used [0x00000000a0000000,0x00000000a307a3e0,0x00000000a4380000)
 Metaspace       used 62406K, capacity 64322K, committed 64560K, reserved 1105920K
  class space    used 8396K, capacity 8940K, committed 9008K, reserved 1048576K

